0 info it worked if it ends with ok
1 verbose cli [ '/usr/local/Cellar/iojs/2.4.0/bin/iojs',
1 verbose cli   '/usr/local/bin/npm',
1 verbose cli   'install',
1 verbose cli   '--save',
1 verbose cli   'pg-native' ]
2 info using npm@2.7.5
3 info using node@v2.4.0
4 silly cache add args [ 'pg-native', null ]
5 verbose cache add spec pg-native
6 silly cache add parsed spec { raw: 'pg-native',
6 silly cache add   scope: null,
6 silly cache add   name: 'pg-native',
6 silly cache add   rawSpec: '',
6 silly cache add   spec: '*',
6 silly cache add   type: 'range' }
7 verbose addNamed pg-native@*
8 silly addNamed semver.valid null
9 silly addNamed semver.validRange *
10 silly addNameRange { name: 'pg-native', range: '*', hasData: false }
11 silly mapToRegistry name pg-native
12 silly mapToRegistry using default registry
13 silly mapToRegistry registry https://registry.npmjs.org/
14 silly mapToRegistry uri https://registry.npmjs.org/pg-native
15 verbose addNameRange registry:https://registry.npmjs.org/pg-native not in flight; fetching
16 verbose request uri https://registry.npmjs.org/pg-native
17 verbose request no auth needed
18 info attempt registry request try #1 at 12:29:06
19 verbose request id f1c1cfaa45f76197
20 verbose etag "220KNNDSA1T22Z1BGDXYJ0SMO"
21 http request GET https://registry.npmjs.org/pg-native
22 http 304 https://registry.npmjs.org/pg-native
23 silly get cb [ 304,
23 silly get   { date: 'Thu, 01 Oct 2015 19:29:06 GMT',
23 silly get     via: '1.1 varnish',
23 silly get     'cache-control': 'max-age=60',
23 silly get     etag: '"220KNNDSA1T22Z1BGDXYJ0SMO"',
23 silly get     age: '0',
23 silly get     connection: 'keep-alive',
23 silly get     'x-served-by': 'cache-lax1426-LAX',
23 silly get     'x-cache': 'MISS',
23 silly get     'x-cache-hits': '0',
23 silly get     'x-timer': 'S1443727746.982278,VS0,VE46',
23 silly get     vary: 'Accept' } ]
24 verbose etag https://registry.npmjs.org/pg-native from cache
25 verbose get saving pg-native to /Users/khoa_phan/.npm/registry.npmjs.org/pg-native/.cache.json
26 silly addNameRange number 2 { name: 'pg-native', range: '*', hasData: true }
27 silly addNameRange versions [ 'pg-native',
27 silly addNameRange   [ '0.0.1',
27 silly addNameRange     '0.0.2',
27 silly addNameRange     '0.1.0',
27 silly addNameRange     '0.2.0',
27 silly addNameRange     '0.3.0',
27 silly addNameRange     '0.4.0',
27 silly addNameRange     '0.4.1',
27 silly addNameRange     '0.5.0',
27 silly addNameRange     '0.5.1',
27 silly addNameRange     '0.5.2',
27 silly addNameRange     '1.0.0',
27 silly addNameRange     '1.0.1',
27 silly addNameRange     '1.0.2',
27 silly addNameRange     '1.0.3',
27 silly addNameRange     '1.1.0',
27 silly addNameRange     '1.2.0',
27 silly addNameRange     '1.3.0',
27 silly addNameRange     '1.4.0',
27 silly addNameRange     '1.4.1',
27 silly addNameRange     '1.4.2',
27 silly addNameRange     '1.4.3',
27 silly addNameRange     '1.5.0',
27 silly addNameRange     '1.7.2',
27 silly addNameRange     '1.7.3',
27 silly addNameRange     '1.8.0',
27 silly addNameRange     '1.8.1',
27 silly addNameRange     '1.9.0' ] ]
28 verbose addNamed pg-native@1.9.0
29 silly addNamed semver.valid 1.9.0
30 silly addNamed semver.validRange 1.9.0
31 silly cache afterAdd pg-native@1.9.0
32 verbose afterAdd /Users/khoa_phan/.npm/pg-native/1.9.0/package/package.json not in flight; writing
33 verbose afterAdd /Users/khoa_phan/.npm/pg-native/1.9.0/package/package.json written
34 silly install resolved [ { name: 'pg-native',
34 silly install resolved     version: '1.9.0',
34 silly install resolved     description: 'A slightly nicer interface to Postgres over node-libpq',
34 silly install resolved     main: 'index.js',
34 silly install resolved     scripts: { test: 'mocha' },
34 silly install resolved     repository:
34 silly install resolved      { type: 'git',
34 silly install resolved        url: 'git://github.com/brianc/node-pg-native.git' },
34 silly install resolved     keywords: [ 'postgres', 'pg', 'libpq' ],
34 silly install resolved     author: { name: 'Brian M. Carlson' },
34 silly install resolved     license: 'MIT',
34 silly install resolved     bugs: { url: 'https://github.com/brianc/node-pg-native/issues' },
34 silly install resolved     homepage: 'https://github.com/brianc/node-pg-native',
34 silly install resolved     dependencies:
34 silly install resolved      { libpq: '^1.7.0',
34 silly install resolved        'pg-types': '1.6.0',
34 silly install resolved        'readable-stream': '1.0.31' },
34 silly install resolved     devDependencies:
34 silly install resolved      { 'generic-pool': '^2.1.1',
34 silly install resolved        async: '^0.9.0',
34 silly install resolved        'concat-stream': '^1.4.6',
34 silly install resolved        lodash: '^2.4.1',
34 silly install resolved        mocha: '^1.21.4',
34 silly install resolved        okay: '^0.3.0',
34 silly install resolved        pg: '^3.4.2',
34 silly install resolved        semver: '^4.1.0' },
34 silly install resolved     gitHead: '51304e6224191899c6a07a96301082b9c0ab29b0',
34 silly install resolved     _id: 'pg-native@1.9.0',
34 silly install resolved     _shasum: '73b9dc6243a90121991cea509427e34a17d1a72e',
34 silly install resolved     _from: 'pg-native@*',
34 silly install resolved     _npmVersion: '2.11.3',
34 silly install resolved     _nodeVersion: '0.12.7',
34 silly install resolved     _npmUser: { name: 'brianc', email: 'brian.m.carlson@gmail.com' },
34 silly install resolved     maintainers: [ [Object] ],
34 silly install resolved     dist:
34 silly install resolved      { shasum: '73b9dc6243a90121991cea509427e34a17d1a72e',
34 silly install resolved        tarball: 'http://registry.npmjs.org/pg-native/-/pg-native-1.9.0.tgz' },
34 silly install resolved     directories: {},
34 silly install resolved     _resolved: 'https://registry.npmjs.org/pg-native/-/pg-native-1.9.0.tgz',
34 silly install resolved     readme: 'ERROR: No README data found!' } ]
35 info install pg-native@1.9.0 into /Users/khoa_phan/csgo
36 info installOne pg-native@1.9.0
37 verbose installOne of pg-native to /Users/khoa_phan/csgo not in flight; installing
38 verbose lock using /Users/khoa_phan/.npm/_locks/pg-native-69780b9a71b4df18.lock for /Users/khoa_phan/csgo/node_modules/pg-native
39 silly install write writing pg-native 1.9.0 to /Users/khoa_phan/csgo/node_modules/pg-native
40 silly cache addNamed cb pg-native@1.9.0
41 verbose unbuild node_modules/pg-native
42 silly gentlyRm /Users/khoa_phan/csgo/node_modules/pg-native is being purged from base /Users/khoa_phan/csgo
43 verbose gentlyRm don't care about contents; nuking /Users/khoa_phan/csgo/node_modules/pg-native
44 verbose tar unpack /Users/khoa_phan/.npm/pg-native/1.9.0/package.tgz
45 verbose tar unpacking to /Users/khoa_phan/csgo/node_modules/pg-native
46 silly gentlyRm /Users/khoa_phan/csgo/node_modules/pg-native is being purged
47 verbose gentlyRm don't care about contents; nuking /Users/khoa_phan/csgo/node_modules/pg-native
48 silly gunzTarPerm modes [ '755', '644' ]
49 silly gunzTarPerm extractEntry package.json
50 silly gunzTarPerm extractEntry .npmignore
51 silly gunzTarPerm extractEntry README.md
52 silly gunzTarPerm extractEntry index.js
53 silly gunzTarPerm extractEntry bench/index.js
54 silly gunzTarPerm extractEntry bench/leaks.js
55 silly gunzTarPerm extractEntry .travis.yml
56 silly gunzTarPerm extractEntry Makefile
57 silly gunzTarPerm extractEntry lib/copy-stream.js
58 silly gunzTarPerm extractEntry test/array-mode.js
59 silly gunzTarPerm extractEntry test/custom-types.js
60 silly gunzTarPerm extractEntry test/domains.js
61 silly gunzTarPerm extractEntry test/huge-query.js
62 silly gunzTarPerm extractEntry test/copy-to.js
63 silly gunzTarPerm extractEntry test/async-workflow.js
64 silly gunzTarPerm extractEntry test/many-connections.js
65 silly gunzTarPerm extractEntry test/many-errors.js
66 silly gunzTarPerm extractEntry test/query-sync.js
67 silly gunzTarPerm extractEntry test/multiple-queries.js
68 silly gunzTarPerm extractEntry test/copy-from.js
69 silly gunzTarPerm extractEntry test/notify.js
70 silly gunzTarPerm extractEntry test/connection.js
71 silly gunzTarPerm extractEntry test/prepare.js
72 silly gunzTarPerm extractEntry test/cancel.js
73 silly gunzTarPerm extractEntry test/query-async.js
74 silly gunzTarPerm extractEntry test/index.js
75 silly gunzTarPerm extractEntry test/version.js
76 silly gunzTarPerm extractEntry test/load.js
77 silly gunzTarPerm extractEntry test/mocha.opts
78 info preinstall pg-native@1.9.0
79 silly prepareForInstallMany adding libpq@^1.7.0 from pg-native dependencies
80 silly prepareForInstallMany adding pg-types@1.6.0 from pg-native dependencies
81 silly prepareForInstallMany adding readable-stream@1.0.31 from pg-native dependencies
82 silly cache add args [ 'libpq@^1.7.0', null ]
83 verbose cache add spec libpq@^1.7.0
84 silly cache add args [ 'pg-types@1.6.0', null ]
85 verbose cache add spec pg-types@1.6.0
86 silly cache add parsed spec { raw: 'libpq@^1.7.0',
86 silly cache add   scope: null,
86 silly cache add   name: 'libpq',
86 silly cache add   rawSpec: '^1.7.0',
86 silly cache add   spec: '>=1.7.0 <2.0.0',
86 silly cache add   type: 'range' }
87 verbose addNamed libpq@>=1.7.0 <2.0.0
88 silly addNamed semver.valid null
89 silly addNamed semver.validRange >=1.7.0 <2.0.0
90 silly addNameRange { name: 'libpq', range: '>=1.7.0 <2.0.0', hasData: false }
91 silly mapToRegistry name libpq
92 silly mapToRegistry using default registry
93 silly mapToRegistry registry https://registry.npmjs.org/
94 silly mapToRegistry uri https://registry.npmjs.org/libpq
95 verbose addNameRange registry:https://registry.npmjs.org/libpq not in flight; fetching
96 silly cache add parsed spec { raw: 'pg-types@1.6.0',
96 silly cache add   scope: null,
96 silly cache add   name: 'pg-types',
96 silly cache add   rawSpec: '1.6.0',
96 silly cache add   spec: '1.6.0',
96 silly cache add   type: 'version' }
97 verbose addNamed pg-types@1.6.0
98 silly addNamed semver.valid 1.6.0
99 silly addNamed semver.validRange 1.6.0
100 silly mapToRegistry name pg-types
101 silly mapToRegistry using default registry
102 silly mapToRegistry registry https://registry.npmjs.org/
103 silly mapToRegistry uri https://registry.npmjs.org/pg-types
104 verbose addNameVersion registry:https://registry.npmjs.org/pg-types not in flight; fetching
105 silly cache add args [ 'readable-stream@1.0.31', null ]
106 verbose cache add spec readable-stream@1.0.31
107 silly cache add parsed spec { raw: 'readable-stream@1.0.31',
107 silly cache add   scope: null,
107 silly cache add   name: 'readable-stream',
107 silly cache add   rawSpec: '1.0.31',
107 silly cache add   spec: '1.0.31',
107 silly cache add   type: 'version' }
108 verbose addNamed readable-stream@1.0.31
109 silly addNamed semver.valid 1.0.31
110 silly addNamed semver.validRange 1.0.31
111 silly mapToRegistry name readable-stream
112 silly mapToRegistry using default registry
113 silly mapToRegistry registry https://registry.npmjs.org/
114 silly mapToRegistry uri https://registry.npmjs.org/readable-stream
115 verbose addNameVersion registry:https://registry.npmjs.org/readable-stream not in flight; fetching
116 verbose request uri https://registry.npmjs.org/pg-types
117 verbose request no auth needed
118 info attempt registry request try #1 at 12:29:07
119 verbose etag "3SLWN60AAS73552S1ATZBWCW0"
120 http request GET https://registry.npmjs.org/pg-types
121 verbose request uri https://registry.npmjs.org/libpq
122 verbose request no auth needed
123 info attempt registry request try #1 at 12:29:07
124 verbose etag "AE37WBCLJWD4XUC738LI1DA5"
125 http request GET https://registry.npmjs.org/libpq
126 verbose request uri https://registry.npmjs.org/readable-stream
127 verbose request no auth needed
128 info attempt registry request try #1 at 12:29:07
129 verbose etag "82TTSAI8QQG39EFUWDIODAL81"
130 http request GET https://registry.npmjs.org/readable-stream
131 http 304 https://registry.npmjs.org/readable-stream
132 silly get cb [ 304,
132 silly get   { date: 'Thu, 01 Oct 2015 19:29:07 GMT',
132 silly get     via: '1.1 varnish',
132 silly get     'cache-control': 'max-age=60',
132 silly get     etag: '"82TTSAI8QQG39EFUWDIODAL81"',
132 silly get     age: '37',
132 silly get     connection: 'keep-alive',
132 silly get     'x-served-by': 'cache-lax1431-LAX',
132 silly get     'x-cache': 'HIT',
132 silly get     'x-cache-hits': '3',
132 silly get     'x-timer': 'S1443727747.234449,VS0,VE0',
132 silly get     vary: 'Accept' } ]
133 verbose etag https://registry.npmjs.org/readable-stream from cache
134 verbose get saving readable-stream to /Users/khoa_phan/.npm/registry.npmjs.org/readable-stream/.cache.json
135 silly cache afterAdd readable-stream@1.0.31
136 verbose afterAdd /Users/khoa_phan/.npm/readable-stream/1.0.31/package/package.json not in flight; writing
137 verbose afterAdd /Users/khoa_phan/.npm/readable-stream/1.0.31/package/package.json written
138 http 304 https://registry.npmjs.org/pg-types
139 silly get cb [ 304,
139 silly get   { date: 'Thu, 01 Oct 2015 19:29:07 GMT',
139 silly get     via: '1.1 varnish',
139 silly get     'cache-control': 'max-age=60',
139 silly get     etag: '"3SLWN60AAS73552S1ATZBWCW0"',
139 silly get     age: '0',
139 silly get     connection: 'keep-alive',
139 silly get     'x-served-by': 'cache-lax1427-LAX',
139 silly get     'x-cache': 'HIT',
139 silly get     'x-cache-hits': '1',
139 silly get     'x-timer': 'S1443727747.212946,VS0,VE75',
139 silly get     vary: 'Accept' } ]
140 verbose etag https://registry.npmjs.org/pg-types from cache
141 verbose get saving pg-types to /Users/khoa_phan/.npm/registry.npmjs.org/pg-types/.cache.json
142 http 304 https://registry.npmjs.org/libpq
143 silly get cb [ 304,
143 silly get   { date: 'Thu, 01 Oct 2015 19:29:07 GMT',
143 silly get     via: '1.1 varnish',
143 silly get     'cache-control': 'max-age=60',
143 silly get     etag: '"AE37WBCLJWD4XUC738LI1DA5"',
143 silly get     age: '0',
143 silly get     connection: 'keep-alive',
143 silly get     'x-served-by': 'cache-lax1432-LAX',
143 silly get     'x-cache': 'MISS',
143 silly get     'x-cache-hits': '0',
143 silly get     'x-timer': 'S1443727747.209405,VS0,VE81',
143 silly get     vary: 'Accept' } ]
144 verbose etag https://registry.npmjs.org/libpq from cache
145 verbose get saving libpq to /Users/khoa_phan/.npm/registry.npmjs.org/libpq/.cache.json
146 silly cache afterAdd pg-types@1.6.0
147 verbose afterAdd /Users/khoa_phan/.npm/pg-types/1.6.0/package/package.json not in flight; writing
148 silly addNameRange number 2 { name: 'libpq', range: '>=1.7.0 <2.0.0', hasData: true }
149 silly addNameRange versions [ 'libpq',
149 silly addNameRange   [ '0.2.0',
149 silly addNameRange     '0.2.1',
149 silly addNameRange     '0.2.2',
149 silly addNameRange     '0.2.3',
149 silly addNameRange     '0.2.4',
149 silly addNameRange     '0.2.5',
149 silly addNameRange     '0.3.0',
149 silly addNameRange     '0.4.0',
149 silly addNameRange     '0.4.1',
149 silly addNameRange     '0.5.0',
149 silly addNameRange     '0.5.1',
149 silly addNameRange     '0.5.2',
149 silly addNameRange     '0.5.3',
149 silly addNameRange     '1.0.0',
149 silly addNameRange     '1.0.1',
149 silly addNameRange     '1.1.0',
149 silly addNameRange     '1.2.0',
149 silly addNameRange     '1.2.1',
149 silly addNameRange     '1.3.0',
149 silly addNameRange     '1.3.1',
149 silly addNameRange     '1.4.0',
149 silly addNameRange     '1.4.1',
149 silly addNameRange     '1.4.2',
149 silly addNameRange     '1.5.1',
149 silly addNameRange     '1.6.0',
149 silly addNameRange     '1.6.1',
149 silly addNameRange     '1.6.2',
149 silly addNameRange     '1.6.3',
149 silly addNameRange     '1.6.4',
149 silly addNameRange     '1.7.0' ] ]
150 verbose addNamed libpq@1.7.0
151 silly addNamed semver.valid 1.7.0
152 silly addNamed semver.validRange 1.7.0
153 verbose afterAdd /Users/khoa_phan/.npm/pg-types/1.6.0/package/package.json written
154 silly cache afterAdd libpq@1.7.0
155 verbose afterAdd /Users/khoa_phan/.npm/libpq/1.7.0/package/package.json not in flight; writing
156 verbose afterAdd /Users/khoa_phan/.npm/libpq/1.7.0/package/package.json written
157 silly install resolved [ { name: 'readable-stream',
157 silly install resolved     version: '1.0.31',
157 silly install resolved     description: 'Streams2, a user-land copy of the stream library from Node.js v0.10.x',
157 silly install resolved     main: 'readable.js',
157 silly install resolved     dependencies:
157 silly install resolved      { 'core-util-is': '~1.0.0',
157 silly install resolved        isarray: '0.0.1',
157 silly install resolved        string_decoder: '~0.10.x',
157 silly install resolved        inherits: '~2.0.1' },
157 silly install resolved     devDependencies: { tap: '~0.2.6' },
157 silly install resolved     scripts: { test: 'tap test/simple/*.js' },
157 silly install resolved     repository: { type: 'git', url: 'git://github.com/isaacs/readable-stream' },
157 silly install resolved     keywords: [ 'readable', 'stream', 'pipe' ],
157 silly install resolved     browser: { util: false },
157 silly install resolved     author:
157 silly install resolved      { name: 'Isaac Z. Schlueter',
157 silly install resolved        email: 'i@izs.me',
157 silly install resolved        url: 'http://blog.izs.me/' },
157 silly install resolved     license: 'MIT',
157 silly install resolved     bugs: { url: 'https://github.com/isaacs/readable-stream/issues' },
157 silly install resolved     homepage: 'https://github.com/isaacs/readable-stream',
157 silly install resolved     _id: 'readable-stream@1.0.31',
157 silly install resolved     _shasum: '8f2502e0bc9e3b0da1b94520aabb4e2603ecafae',
157 silly install resolved     _from: 'readable-stream@1.0.31',
157 silly install resolved     _npmVersion: '1.4.9',
157 silly install resolved     _npmUser: { name: 'rvagg', email: 'rod@vagg.org' },
157 silly install resolved     maintainers: [ [Object], [Object], [Object] ],
157 silly install resolved     dist:
157 silly install resolved      { shasum: '8f2502e0bc9e3b0da1b94520aabb4e2603ecafae',
157 silly install resolved        tarball: 'http://registry.npmjs.org/readable-stream/-/readable-stream-1.0.31.tgz' },
157 silly install resolved     directories: {},
157 silly install resolved     _resolved: 'https://registry.npmjs.org/readable-stream/-/readable-stream-1.0.31.tgz',
157 silly install resolved     readme: 'ERROR: No README data found!' },
157 silly install resolved   { name: 'pg-types',
157 silly install resolved     version: '1.6.0',
157 silly install resolved     description: 'Query result type converters for node-postgres',
157 silly install resolved     main: 'index.js',
157 silly install resolved     scripts: { test: 'mocha' },
157 silly install resolved     repository:
157 silly install resolved      { type: 'git',
157 silly install resolved        url: 'git://github.com/brianc/node-pg-types.git' },
157 silly install resolved     keywords: [ 'postgres', 'PostgreSQL', 'pg' ],
157 silly install resolved     author: { name: 'Brian M. Carlson' },
157 silly install resolved     license: 'MIT',
157 silly install resolved     bugs: { url: 'https://github.com/brianc/node-pg-types/issues' },
157 silly install resolved     homepage: 'https://github.com/brianc/node-pg-types',
157 silly install resolved     devDependencies: { mocha: '^1.18.0' },
157 silly install resolved     _id: 'pg-types@1.6.0',
157 silly install resolved     _shasum: '3872a0f199143025497f4ee2a65fdaf00d7ea8b3',
157 silly install resolved     _from: 'pg-types@1.6.0',
157 silly install resolved     _npmVersion: '1.4.9',
157 silly install resolved     _npmUser: { name: 'brianc', email: 'brian.m.carlson@gmail.com' },
157 silly install resolved     maintainers: [ [Object] ],
157 silly install resolved     dist:
157 silly install resolved      { shasum: '3872a0f199143025497f4ee2a65fdaf00d7ea8b3',
157 silly install resolved        tarball: 'http://registry.npmjs.org/pg-types/-/pg-types-1.6.0.tgz' },
157 silly install resolved     directories: {},
157 silly install resolved     _resolved: 'https://registry.npmjs.org/pg-types/-/pg-types-1.6.0.tgz',
157 silly install resolved     readme: 'ERROR: No README data found!' },
157 silly install resolved   { name: 'libpq',
157 silly install resolved     version: '1.7.0',
157 silly install resolved     description: 'Low-level native bindings to PostgreSQL libpq',
157 silly install resolved     main: 'index.js',
157 silly install resolved     keywords: [ 'postgres', 'libpq' ],
157 silly install resolved     repository: { type: 'git', url: 'git://github.com/brianc/node-libpq.git' },
157 silly install resolved     scripts:
157 silly install resolved      { test: 'node-gyp rebuild && node_modules/.bin/mocha',
157 silly install resolved        install: 'node-gyp rebuild' },
157 silly install resolved     author: { name: 'Brian M. Carlson' },
157 silly install resolved     license: 'MIT',
157 silly install resolved     dependencies: { nan: '^2.0.4', bindings: '1.2.1' },
157 silly install resolved     devDependencies:
157 silly install resolved      { async: '^0.9.0',
157 silly install resolved        lodash: '^2.4.1',
157 silly install resolved        mocha: '^1.21.4',
157 silly install resolved        okay: '^0.3.0' },
157 silly install resolved     gypfile: true,
157 silly install resolved     gitHead: '6767eff332545d318bb7645aaecf81152cfbd4f4',
157 silly install resolved     bugs: { url: 'https://github.com/brianc/node-libpq/issues' },
157 silly install resolved     homepage: 'https://github.com/brianc/node-libpq#readme',
157 silly install resolved     _id: 'libpq@1.7.0',
157 silly install resolved     _shasum: '32dffda066adbd9959f684d21e52b6621bb873e4',
157 silly install resolved     _from: 'libpq@>=1.7.0 <2.0.0',
157 silly install resolved     _npmVersion: '2.11.3',
157 silly install resolved     _nodeVersion: '0.12.7',
157 silly install resolved     _npmUser: { name: 'brianc', email: 'brian.m.carlson@gmail.com' },
157 silly install resolved     maintainers: [ [Object] ],
157 silly install resolved     dist:
157 silly install resolved      { shasum: '32dffda066adbd9959f684d21e52b6621bb873e4',
157 silly install resolved        tarball: 'http://registry.npmjs.org/libpq/-/libpq-1.7.0.tgz' },
157 silly install resolved     directories: {},
157 silly install resolved     _resolved: 'https://registry.npmjs.org/libpq/-/libpq-1.7.0.tgz',
157 silly install resolved     readme: 'ERROR: No README data found!' } ]
158 info install readable-stream@1.0.31 into /Users/khoa_phan/csgo/node_modules/pg-native
159 info install pg-types@1.6.0 into /Users/khoa_phan/csgo/node_modules/pg-native
160 info install libpq@1.7.0 into /Users/khoa_phan/csgo/node_modules/pg-native
161 info installOne readable-stream@1.0.31
162 verbose installOne of readable-stream to /Users/khoa_phan/csgo/node_modules/pg-native not in flight; installing
163 info installOne pg-types@1.6.0
164 verbose installOne of pg-types to /Users/khoa_phan/csgo/node_modules/pg-native not in flight; installing
165 info installOne libpq@1.7.0
166 verbose installOne of libpq to /Users/khoa_phan/csgo/node_modules/pg-native not in flight; installing
167 verbose lock using /Users/khoa_phan/.npm/_locks/readable-stream-606f84ab7897ceea.lock for /Users/khoa_phan/csgo/node_modules/pg-native/node_modules/readable-stream
168 verbose lock using /Users/khoa_phan/.npm/_locks/pg-types-48f6b04af93be79f.lock for /Users/khoa_phan/csgo/node_modules/pg-native/node_modules/pg-types
169 silly install write writing readable-stream 1.0.31 to /Users/khoa_phan/csgo/node_modules/pg-native/node_modules/readable-stream
170 silly cache addNamed cb readable-stream@1.0.31
171 verbose unbuild node_modules/pg-native/node_modules/readable-stream
172 silly install write writing pg-types 1.6.0 to /Users/khoa_phan/csgo/node_modules/pg-native/node_modules/pg-types
173 silly cache addNamed cb pg-types@1.6.0
174 verbose unbuild node_modules/pg-native/node_modules/pg-types
175 verbose lock using /Users/khoa_phan/.npm/_locks/libpq-3e69bf43bbafe92f.lock for /Users/khoa_phan/csgo/node_modules/pg-native/node_modules/libpq
176 silly install write writing libpq 1.7.0 to /Users/khoa_phan/csgo/node_modules/pg-native/node_modules/libpq
177 silly cache addNamed cb libpq@1.7.0
178 verbose unbuild node_modules/pg-native/node_modules/libpq
179 silly gentlyRm /Users/khoa_phan/csgo/node_modules/pg-native/node_modules/readable-stream is being purged from base /Users/khoa_phan/csgo
180 verbose gentlyRm don't care about contents; nuking /Users/khoa_phan/csgo/node_modules/pg-native/node_modules/readable-stream
181 silly gentlyRm /Users/khoa_phan/csgo/node_modules/pg-native/node_modules/pg-types is being purged from base /Users/khoa_phan/csgo
182 verbose gentlyRm don't care about contents; nuking /Users/khoa_phan/csgo/node_modules/pg-native/node_modules/pg-types
183 verbose tar unpack /Users/khoa_phan/.npm/readable-stream/1.0.31/package.tgz
184 verbose tar unpacking to /Users/khoa_phan/csgo/node_modules/pg-native/node_modules/readable-stream
185 silly gentlyRm /Users/khoa_phan/csgo/node_modules/pg-native/node_modules/readable-stream is being purged
186 verbose gentlyRm don't care about contents; nuking /Users/khoa_phan/csgo/node_modules/pg-native/node_modules/readable-stream
187 verbose tar unpack /Users/khoa_phan/.npm/pg-types/1.6.0/package.tgz
188 verbose tar unpacking to /Users/khoa_phan/csgo/node_modules/pg-native/node_modules/pg-types
189 silly gentlyRm /Users/khoa_phan/csgo/node_modules/pg-native/node_modules/pg-types is being purged
190 verbose gentlyRm don't care about contents; nuking /Users/khoa_phan/csgo/node_modules/pg-native/node_modules/pg-types
191 silly gentlyRm /Users/khoa_phan/csgo/node_modules/pg-native/node_modules/libpq is being purged from base /Users/khoa_phan/csgo
192 verbose gentlyRm don't care about contents; nuking /Users/khoa_phan/csgo/node_modules/pg-native/node_modules/libpq
193 silly gunzTarPerm modes [ '755', '644' ]
194 silly gunzTarPerm modes [ '755', '644' ]
195 verbose tar unpack /Users/khoa_phan/.npm/libpq/1.7.0/package.tgz
196 verbose tar unpacking to /Users/khoa_phan/csgo/node_modules/pg-native/node_modules/libpq
197 silly gentlyRm /Users/khoa_phan/csgo/node_modules/pg-native/node_modules/libpq is being purged
198 verbose gentlyRm don't care about contents; nuking /Users/khoa_phan/csgo/node_modules/pg-native/node_modules/libpq
199 silly gunzTarPerm modes [ '755', '644' ]
200 silly gunzTarPerm extractEntry package.json
201 silly gunzTarPerm modified mode [ 'package.json', 436, 420 ]
202 silly gunzTarPerm extractEntry package.json
203 silly gunzTarPerm extractEntry package.json
204 silly gunzTarPerm extractEntry .npmignore
205 silly gunzTarPerm extractEntry README.md
206 silly gunzTarPerm modified mode [ 'README.md', 436, 420 ]
207 silly gunzTarPerm extractEntry .npmignore
208 silly gunzTarPerm extractEntry README.md
209 silly gunzTarPerm extractEntry .npmignore
210 silly gunzTarPerm extractEntry README.md
211 silly gunzTarPerm extractEntry index.js
212 silly gunzTarPerm extractEntry .travis.yml
213 silly gunzTarPerm extractEntry LICENSE
214 silly gunzTarPerm modified mode [ 'LICENSE', 436, 420 ]
215 silly gunzTarPerm extractEntry transform.js
216 silly gunzTarPerm extractEntry index.js
217 silly gunzTarPerm extractEntry duplex.js
218 silly gunzTarPerm extractEntry readable.js
219 silly gunzTarPerm modified mode [ 'readable.js', 436, 420 ]
220 silly gunzTarPerm extractEntry Makefile
221 silly gunzTarPerm extractEntry lib/arrayParser.js
222 silly gunzTarPerm extractEntry binding.gyp
223 silly gunzTarPerm extractEntry .travis.yml
224 silly gunzTarPerm extractEntry Makefile
225 silly gunzTarPerm extractEntry passthrough.js
226 silly gunzTarPerm extractEntry writable.js
227 silly gunzTarPerm extractEntry lib/binaryParsers.js
228 silly gunzTarPerm extractEntry lib/textParsers.js
229 silly gunzTarPerm extractEntry test/array.js
230 silly gunzTarPerm extractEntry test/assert.js
231 silly gunzTarPerm extractEntry test/dates.js
232 silly gunzTarPerm extractEntry test/index.js
233 silly gunzTarPerm extractEntry lib/_stream_duplex.js
234 silly gunzTarPerm modified mode [ 'lib/_stream_duplex.js', 436, 420 ]
235 silly gunzTarPerm extractEntry lib/_stream_passthrough.js
236 silly gunzTarPerm modified mode [ 'lib/_stream_passthrough.js', 436, 420 ]
237 silly gunzTarPerm extractEntry src/addon.cc
238 silly gunzTarPerm extractEntry lib/_stream_readable.js
239 silly gunzTarPerm modified mode [ 'lib/_stream_readable.js', 436, 420 ]
240 silly gunzTarPerm extractEntry lib/_stream_transform.js
241 silly gunzTarPerm modified mode [ 'lib/_stream_transform.js', 436, 420 ]
242 silly gunzTarPerm extractEntry lib/_stream_writable.js
243 silly gunzTarPerm modified mode [ 'lib/_stream_writable.js', 436, 420 ]
244 silly gunzTarPerm extractEntry src/addon.h
245 silly gunzTarPerm extractEntry src/connect-async-worker.cc
246 silly gunzTarPerm extractEntry src/connect-async-worker.h
247 silly gunzTarPerm extractEntry src/connection.cc
248 silly gunzTarPerm extractEntry src/connection.h
249 silly gunzTarPerm extractEntry test/async-connection.js
250 silly gunzTarPerm extractEntry test/error-info.js
251 silly gunzTarPerm extractEntry test/escaping.js
252 silly gunzTarPerm extractEntry test/helper.js
253 silly gunzTarPerm extractEntry test/index.js
254 silly gunzTarPerm extractEntry test/error-conditions.js
255 silly gunzTarPerm extractEntry test/many-connections.js
256 silly gunzTarPerm extractEntry test/sync-prepare.js
257 silly gunzTarPerm extractEntry test/multiple-queries.js
258 silly gunzTarPerm extractEntry test/non-blocking-controls.js
259 silly gunzTarPerm extractEntry test/notification.js
260 silly gunzTarPerm extractEntry test/copy-out.js
261 silly gunzTarPerm extractEntry test/result-accessors.js
262 silly gunzTarPerm extractEntry test/copy-in.js
263 info preinstall pg-types@1.6.0
264 silly install resolved []
265 verbose about to build /Users/khoa_phan/csgo/node_modules/pg-native/node_modules/pg-types
266 info build /Users/khoa_phan/csgo/node_modules/pg-native/node_modules/pg-types
267 verbose linkStuff [ false,
267 verbose linkStuff   false,
267 verbose linkStuff   false,
267 verbose linkStuff   '/Users/khoa_phan/csgo/node_modules/pg-native/node_modules' ]
268 info linkStuff pg-types@1.6.0
269 verbose linkBins pg-types@1.6.0
270 verbose linkMans pg-types@1.6.0
271 verbose rebuildBundles pg-types@1.6.0
272 info install pg-types@1.6.0
273 info postinstall pg-types@1.6.0
274 silly gunzTarPerm extractEntry test/socket.js
275 verbose unlock done using /Users/khoa_phan/.npm/_locks/pg-types-48f6b04af93be79f.lock for /Users/khoa_phan/csgo/node_modules/pg-native/node_modules/pg-types
276 silly gunzTarPerm extractEntry test/construction.js
277 silly gunzTarPerm extractEntry test/sync-integration.js
278 info preinstall readable-stream@1.0.31
279 silly gunzTarPerm extractEntry test/cancel.js
280 silly gunzTarPerm extractEntry test/sync-parameters.js
281 silly prepareForInstallMany adding core-util-is@~1.0.0 from readable-stream dependencies
282 silly prepareForInstallMany adding isarray@0.0.1 from readable-stream dependencies
283 silly prepareForInstallMany adding string_decoder@~0.10.x from readable-stream dependencies
284 silly prepareForInstallMany adding inherits@~2.0.1 from readable-stream dependencies
285 silly cache add args [ 'core-util-is@~1.0.0', null ]
286 verbose cache add spec core-util-is@~1.0.0
287 silly cache add args [ 'isarray@0.0.1', null ]
288 verbose cache add spec isarray@0.0.1
289 silly cache add parsed spec { raw: 'core-util-is@~1.0.0',
289 silly cache add   scope: null,
289 silly cache add   name: 'core-util-is',
289 silly cache add   rawSpec: '~1.0.0',
289 silly cache add   spec: '>=1.0.0 <1.1.0',
289 silly cache add   type: 'range' }
290 verbose addNamed core-util-is@>=1.0.0 <1.1.0
291 silly addNamed semver.valid null
292 silly addNamed semver.validRange >=1.0.0 <1.1.0
293 silly addNameRange { name: 'core-util-is', range: '>=1.0.0 <1.1.0', hasData: false }
294 silly mapToRegistry name core-util-is
295 silly mapToRegistry using default registry
296 silly mapToRegistry registry https://registry.npmjs.org/
297 silly mapToRegistry uri https://registry.npmjs.org/core-util-is
298 verbose addNameRange registry:https://registry.npmjs.org/core-util-is not in flight; fetching
299 silly cache add parsed spec { raw: 'isarray@0.0.1',
299 silly cache add   scope: null,
299 silly cache add   name: 'isarray',
299 silly cache add   rawSpec: '0.0.1',
299 silly cache add   spec: '0.0.1',
299 silly cache add   type: 'version' }
300 verbose addNamed isarray@0.0.1
301 silly addNamed semver.valid 0.0.1
302 silly addNamed semver.validRange 0.0.1
303 silly mapToRegistry name isarray
304 silly mapToRegistry using default registry
305 silly mapToRegistry registry https://registry.npmjs.org/
306 silly mapToRegistry uri https://registry.npmjs.org/isarray
307 verbose addNameVersion registry:https://registry.npmjs.org/isarray not in flight; fetching
308 silly cache add args [ 'string_decoder@~0.10.x', null ]
309 verbose cache add spec string_decoder@~0.10.x
310 silly cache add parsed spec { raw: 'string_decoder@~0.10.x',
310 silly cache add   scope: null,
310 silly cache add   name: 'string_decoder',
310 silly cache add   rawSpec: '~0.10.x',
310 silly cache add   spec: '>=0.10.0 <0.11.0',
310 silly cache add   type: 'range' }
311 verbose addNamed string_decoder@>=0.10.0 <0.11.0
312 silly addNamed semver.valid null
313 silly addNamed semver.validRange >=0.10.0 <0.11.0
314 silly addNameRange { name: 'string_decoder',
314 silly addNameRange   range: '>=0.10.0 <0.11.0',
314 silly addNameRange   hasData: false }
315 silly mapToRegistry name string_decoder
316 silly mapToRegistry using default registry
317 silly mapToRegistry registry https://registry.npmjs.org/
318 silly mapToRegistry uri https://registry.npmjs.org/string_decoder
319 verbose addNameRange registry:https://registry.npmjs.org/string_decoder not in flight; fetching
320 silly cache add args [ 'inherits@~2.0.1', null ]
321 verbose cache add spec inherits@~2.0.1
322 silly cache add parsed spec { raw: 'inherits@~2.0.1',
322 silly cache add   scope: null,
322 silly cache add   name: 'inherits',
322 silly cache add   rawSpec: '~2.0.1',
322 silly cache add   spec: '>=2.0.1 <2.1.0',
322 silly cache add   type: 'range' }
323 verbose addNamed inherits@>=2.0.1 <2.1.0
324 silly addNamed semver.valid null
325 silly addNamed semver.validRange >=2.0.1 <2.1.0
326 silly addNameRange { name: 'inherits', range: '>=2.0.1 <2.1.0', hasData: false }
327 silly mapToRegistry name inherits
328 silly mapToRegistry using default registry
329 silly mapToRegistry registry https://registry.npmjs.org/
330 silly mapToRegistry uri https://registry.npmjs.org/inherits
331 verbose addNameRange registry:https://registry.npmjs.org/inherits not in flight; fetching
332 verbose request uri https://registry.npmjs.org/core-util-is
333 verbose request no auth needed
334 info attempt registry request try #1 at 12:29:07
335 verbose etag "5I217NCLWQDRJQ3JWN5TWVB2K"
336 http request GET https://registry.npmjs.org/core-util-is
337 verbose request uri https://registry.npmjs.org/isarray
338 verbose request no auth needed
339 info attempt registry request try #1 at 12:29:07
340 verbose etag "79XQA3ZXVF5QN0X2VYCD81HMN"
341 http request GET https://registry.npmjs.org/isarray
342 verbose request uri https://registry.npmjs.org/string_decoder
343 verbose request no auth needed
344 info attempt registry request try #1 at 12:29:07
345 verbose etag "3SLQP4XEWUIBONOV855WOPR0B"
346 http request GET https://registry.npmjs.org/string_decoder
347 verbose request uri https://registry.npmjs.org/inherits
348 verbose request no auth needed
349 info attempt registry request try #1 at 12:29:07
350 verbose etag "83S1U6S25IVR6LLBMEY64SYT2"
351 http request GET https://registry.npmjs.org/inherits
352 silly gunzTarPerm extractEntry test/async-socket.js
353 silly gunzTarPerm extractEntry test/sync.js
354 silly gunzTarPerm extractEntry test/load.js
355 silly gunzTarPerm extractEntry test/mocha.opts
356 info preinstall libpq@1.7.0
357 silly prepareForInstallMany adding nan@^2.0.4 from libpq dependencies
358 silly prepareForInstallMany adding bindings@1.2.1 from libpq dependencies
359 silly cache add args [ 'bindings@1.2.1', null ]
360 verbose cache add spec bindings@1.2.1
361 silly cache add parsed spec { raw: 'bindings@1.2.1',
361 silly cache add   scope: null,
361 silly cache add   name: 'bindings',
361 silly cache add   rawSpec: '1.2.1',
361 silly cache add   spec: '1.2.1',
361 silly cache add   type: 'version' }
362 verbose addNamed bindings@1.2.1
363 silly addNamed semver.valid 1.2.1
364 silly addNamed semver.validRange 1.2.1
365 silly mapToRegistry name bindings
366 silly mapToRegistry using default registry
367 silly mapToRegistry registry https://registry.npmjs.org/
368 silly mapToRegistry uri https://registry.npmjs.org/bindings
369 verbose addNameVersion registry:https://registry.npmjs.org/bindings not in flight; fetching
370 silly cache add args [ 'nan@^2.0.4', null ]
371 verbose cache add spec nan@^2.0.4
372 silly cache add parsed spec { raw: 'nan@^2.0.4',
372 silly cache add   scope: null,
372 silly cache add   name: 'nan',
372 silly cache add   rawSpec: '^2.0.4',
372 silly cache add   spec: '>=2.0.4 <3.0.0',
372 silly cache add   type: 'range' }
373 verbose addNamed nan@>=2.0.4 <3.0.0
374 silly addNamed semver.valid null
375 silly addNamed semver.validRange >=2.0.4 <3.0.0
376 silly addNameRange { name: 'nan', range: '>=2.0.4 <3.0.0', hasData: false }
377 silly mapToRegistry name nan
378 silly mapToRegistry using default registry
379 silly mapToRegistry registry https://registry.npmjs.org/
380 silly mapToRegistry uri https://registry.npmjs.org/nan
381 verbose addNameRange registry:https://registry.npmjs.org/nan not in flight; fetching
382 verbose request uri https://registry.npmjs.org/bindings
383 verbose request no auth needed
384 info attempt registry request try #1 at 12:29:07
385 verbose etag "547Q3C60W4DUGPOZ65YOO6930"
386 http request GET https://registry.npmjs.org/bindings
387 verbose request uri https://registry.npmjs.org/nan
388 verbose request no auth needed
389 info attempt registry request try #1 at 12:29:07
390 verbose etag "1L4RU1AM541YSVP1YQFXG1Y1J"
391 http request GET https://registry.npmjs.org/nan
392 http 304 https://registry.npmjs.org/isarray
393 silly get cb [ 304,
393 silly get   { date: 'Thu, 01 Oct 2015 19:29:07 GMT',
393 silly get     via: '1.1 varnish',
393 silly get     'cache-control': 'max-age=60',
393 silly get     etag: '"79XQA3ZXVF5QN0X2VYCD81HMN"',
393 silly get     age: '8',
393 silly get     connection: 'keep-alive',
393 silly get     'x-served-by': 'cache-lax1429-LAX',
393 silly get     'x-cache': 'HIT',
393 silly get     'x-cache-hits': '1',
393 silly get     'x-timer': 'S1443727747.472118,VS0,VE0',
393 silly get     vary: 'Accept' } ]
394 verbose etag https://registry.npmjs.org/isarray from cache
395 verbose get saving isarray to /Users/khoa_phan/.npm/registry.npmjs.org/isarray/.cache.json
396 silly cache afterAdd isarray@0.0.1
397 verbose afterAdd /Users/khoa_phan/.npm/isarray/0.0.1/package/package.json not in flight; writing
398 http 304 https://registry.npmjs.org/core-util-is
399 silly get cb [ 304,
399 silly get   { date: 'Thu, 01 Oct 2015 19:29:07 GMT',
399 silly get     via: '1.1 varnish',
399 silly get     'cache-control': 'max-age=60',
399 silly get     etag: '"5I217NCLWQDRJQ3JWN5TWVB2K"',
399 silly get     age: '12',
399 silly get     connection: 'keep-alive',
399 silly get     'x-served-by': 'cache-lax1424-LAX',
399 silly get     'x-cache': 'HIT',
399 silly get     'x-cache-hits': '3',
399 silly get     'x-timer': 'S1443727747.478006,VS0,VE0',
399 silly get     vary: 'Accept' } ]
400 verbose etag https://registry.npmjs.org/core-util-is from cache
401 verbose get saving core-util-is to /Users/khoa_phan/.npm/registry.npmjs.org/core-util-is/.cache.json
402 verbose afterAdd /Users/khoa_phan/.npm/isarray/0.0.1/package/package.json written
403 silly addNameRange number 2 { name: 'core-util-is', range: '>=1.0.0 <1.1.0', hasData: true }
404 silly addNameRange versions [ 'core-util-is', [ '1.0.0', '1.0.1' ] ]
405 verbose addNamed core-util-is@1.0.1
406 silly addNamed semver.valid 1.0.1
407 silly addNamed semver.validRange 1.0.1
408 silly cache afterAdd core-util-is@1.0.1
409 verbose afterAdd /Users/khoa_phan/.npm/core-util-is/1.0.1/package/package.json not in flight; writing
410 verbose afterAdd /Users/khoa_phan/.npm/core-util-is/1.0.1/package/package.json written
411 http 304 https://registry.npmjs.org/string_decoder
412 silly get cb [ 304,
412 silly get   { date: 'Thu, 01 Oct 2015 19:29:07 GMT',
412 silly get     via: '1.1 varnish',
412 silly get     'cache-control': 'max-age=60',
412 silly get     etag: '"3SLQP4XEWUIBONOV855WOPR0B"',
412 silly get     age: '52',
412 silly get     connection: 'keep-alive',
412 silly get     'x-served-by': 'cache-lax1429-LAX',
412 silly get     'x-cache': 'HIT',
412 silly get     'x-cache-hits': '9',
412 silly get     'x-timer': 'S1443727747.483254,VS0,VE0',
412 silly get     vary: 'Accept' } ]
413 verbose etag https://registry.npmjs.org/string_decoder from cache
414 verbose get saving string_decoder to /Users/khoa_phan/.npm/registry.npmjs.org/string_decoder/.cache.json
415 silly addNameRange number 2 { name: 'string_decoder',
415 silly addNameRange   range: '>=0.10.0 <0.11.0',
415 silly addNameRange   hasData: true }
416 silly addNameRange versions [ 'string_decoder',
416 silly addNameRange   [ '0.0.0',
416 silly addNameRange     '0.0.1',
416 silly addNameRange     '0.10.24',
416 silly addNameRange     '0.11.10',
416 silly addNameRange     '0.10.25',
416 silly addNameRange     '0.11.10-1',
416 silly addNameRange     '0.10.25-1',
416 silly addNameRange     '0.10.31' ] ]
417 verbose addNamed string_decoder@0.10.31
418 silly addNamed semver.valid 0.10.31
419 silly addNamed semver.validRange 0.10.31
420 silly cache afterAdd string_decoder@0.10.31
421 verbose afterAdd /Users/khoa_phan/.npm/string_decoder/0.10.31/package/package.json not in flight; writing
422 verbose afterAdd /Users/khoa_phan/.npm/string_decoder/0.10.31/package/package.json written
423 http 304 https://registry.npmjs.org/inherits
424 silly get cb [ 304,
424 silly get   { date: 'Thu, 01 Oct 2015 19:29:07 GMT',
424 silly get     via: '1.1 varnish',
424 silly get     'cache-control': 'max-age=60',
424 silly get     etag: '"83S1U6S25IVR6LLBMEY64SYT2"',
424 silly get     age: '8',
424 silly get     connection: 'keep-alive',
424 silly get     'x-served-by': 'cache-lax1430-LAX',
424 silly get     'x-cache': 'HIT',
424 silly get     'x-cache-hits': '2',
424 silly get     'x-timer': 'S1443727747.488540,VS0,VE0',
424 silly get     vary: 'Accept' } ]
425 verbose etag https://registry.npmjs.org/inherits from cache
426 verbose get saving inherits to /Users/khoa_phan/.npm/registry.npmjs.org/inherits/.cache.json
427 silly addNameRange number 2 { name: 'inherits', range: '>=2.0.1 <2.1.0', hasData: true }
428 silly addNameRange versions [ 'inherits', [ '1.0.0', '2.0.0', '2.0.1', '1.0.1', '1.0.2' ] ]
429 verbose addNamed inherits@2.0.1
430 silly addNamed semver.valid 2.0.1
431 silly addNamed semver.validRange 2.0.1
432 silly cache afterAdd inherits@2.0.1
433 verbose afterAdd /Users/khoa_phan/.npm/inherits/2.0.1/package/package.json not in flight; writing
434 verbose afterAdd /Users/khoa_phan/.npm/inherits/2.0.1/package/package.json written
435 silly install resolved [ { name: 'isarray',
435 silly install resolved     description: 'Array#isArray for older browsers',
435 silly install resolved     version: '0.0.1',
435 silly install resolved     repository:
435 silly install resolved      { type: 'git',
435 silly install resolved        url: 'git://github.com/juliangruber/isarray.git' },
435 silly install resolved     homepage: 'https://github.com/juliangruber/isarray',
435 silly install resolved     main: 'index.js',
435 silly install resolved     scripts: { test: 'tap test/*.js' },
435 silly install resolved     dependencies: {},
435 silly install resolved     devDependencies: { tap: '*' },
435 silly install resolved     keywords: [ 'browser', 'isarray', 'array' ],
435 silly install resolved     author:
435 silly install resolved      { name: 'Julian Gruber',
435 silly install resolved        email: 'mail@juliangruber.com',
435 silly install resolved        url: 'http://juliangruber.com' },
435 silly install resolved     license: 'MIT',
435 silly install resolved     readme: '\n# isarray\n\n`Array#isArray` for older browsers.\n\n## Usage\n\n```js\nvar isArray = require(\'isarray\');\n\nconsole.log(isArray([])); // => true\nconsole.log(isArray({})); // => false\n```\n\n## Installation\n\nWith [npm](http://npmjs.org) do\n\n```bash\n$ npm install isarray\n```\n\nThen bundle for the browser with\n[browserify](https://github.com/substack/browserify).\n\nWith [component](http://component.io) do\n\n```bash\n$ component install juliangruber/isarray\n```\n\n## License\n\n(MIT)\n\nCopyright (c) 2013 Julian Gruber &lt;julian@juliangruber.com&gt;\n\nPermission is hereby granted, free of charge, to any person obtaining a copy of\nthis software and associated documentation files (the "Software"), to deal in\nthe Software without restriction, including without limitation the rights to\nuse, copy, modify, merge, publish, distribute, sublicense, and/or sell copies\nof the Software, and to permit persons to whom the Software is furnished to do\nso, subject to the following conditions:\n\nThe above copyright notice and this permission notice shall be included in all\ncopies or substantial portions of the Software.\n\nTHE SOFTWARE IS PROVIDED "AS IS", WITHOUT WARRANTY OF ANY KIND, EXPRESS OR\nIMPLIED, INCLUDING BUT NOT LIMITED TO THE WARRANTIES OF MERCHANTABILITY,\nFITNESS FOR A PARTICULAR PURPOSE AND NONINFRINGEMENT. IN NO EVENT SHALL THE\nAUTHORS OR COPYRIGHT HOLDERS BE LIABLE FOR ANY CLAIM, DAMAGES OR OTHER\nLIABILITY, WHETHER IN AN ACTION OF CONTRACT, TORT OR OTHERWISE, ARISING FROM,\nOUT OF OR IN CONNECTION WITH THE SOFTWARE OR THE USE OR OTHER DEALINGS IN THE\nSOFTWARE.\n',
435 silly install resolved     readmeFilename: 'README.md',
435 silly install resolved     bugs: { url: 'https://github.com/juliangruber/isarray/issues' },
435 silly install resolved     _id: 'isarray@0.0.1',
435 silly install resolved     _shasum: '8a18acfca9a8f4177e09abfc6038939b05d1eedf',
435 silly install resolved     _resolved: 'https://registry.npmjs.org/isarray/-/isarray-0.0.1.tgz',
435 silly install resolved     _from: 'isarray@0.0.1' },
435 silly install resolved   { name: 'core-util-is',
435 silly install resolved     version: '1.0.1',
435 silly install resolved     description: 'The `util.is*` functions introduced in Node v0.12.',
435 silly install resolved     main: 'lib/util.js',
435 silly install resolved     repository: { type: 'git', url: 'git://github.com/isaacs/core-util-is' },
435 silly install resolved     keywords:
435 silly install resolved      [ 'util',
435 silly install resolved        'isBuffer',
435 silly install resolved        'isArray',
435 silly install resolved        'isNumber',
435 silly install resolved        'isString',
435 silly install resolved        'isRegExp',
435 silly install resolved        'isThis',
435 silly install resolved        'isThat',
435 silly install resolved        'polyfill' ],
435 silly install resolved     author:
435 silly install resolved      { name: 'Isaac Z. Schlueter',
435 silly install resolved        email: 'i@izs.me',
435 silly install resolved        url: 'http://blog.izs.me/' },
435 silly install resolved     license: 'MIT',
435 silly install resolved     bugs: { url: 'https://github.com/isaacs/core-util-is/issues' },
435 silly install resolved     readme: '# core-util-is\n\nThe `util.is*` functions introduced in Node v0.12.\n',
435 silly install resolved     readmeFilename: 'README.md',
435 silly install resolved     homepage: 'https://github.com/isaacs/core-util-is',
435 silly install resolved     _id: 'core-util-is@1.0.1',
435 silly install resolved     _shasum: '6b07085aef9a3ccac6ee53bf9d3df0c1521a5538',
435 silly install resolved     _resolved: 'https://registry.npmjs.org/core-util-is/-/core-util-is-1.0.1.tgz',
435 silly install resolved     _from: 'core-util-is@>=1.0.0 <1.1.0',
435 silly install resolved     scripts: {} },
435 silly install resolved   { name: 'string_decoder',
435 silly install resolved     version: '0.10.31',
435 silly install resolved     description: 'The string_decoder module from Node core',
435 silly install resolved     main: 'index.js',
435 silly install resolved     dependencies: {},
435 silly install resolved     devDependencies: { tap: '~0.4.8' },
435 silly install resolved     scripts: { test: 'tap test/simple/*.js' },
435 silly install resolved     repository:
435 silly install resolved      { type: 'git',
435 silly install resolved        url: 'git://github.com/rvagg/string_decoder.git' },
435 silly install resolved     homepage: 'https://github.com/rvagg/string_decoder',
435 silly install resolved     keywords: [ 'string', 'decoder', 'browser', 'browserify' ],
435 silly install resolved     license: 'MIT',
435 silly install resolved     readme: '**string_decoder.js** (`require(\'string_decoder\')`) from Node.js core\n\nCopyright Joyent, Inc. and other Node contributors. See LICENCE file for details.\n\nVersion numbers match the versions found in Node core, e.g. 0.10.24 matches Node 0.10.24, likewise 0.11.10 matches Node 0.11.10. **Prefer the stable version over the unstable.**\n\nThe *build/* directory contains a build script that will scrape the source from the [joyent/node](https://github.com/joyent/node) repo given a specific Node version.',
435 silly install resolved     readmeFilename: 'README.md',
435 silly install resolved     bugs: { url: 'https://github.com/rvagg/string_decoder/issues' },
435 silly install resolved     _id: 'string_decoder@0.10.31',
435 silly install resolved     _shasum: '62e203bc41766c6c28c9fc84301dab1c5310fa94',
435 silly install resolved     _resolved: 'https://registry.npmjs.org/string_decoder/-/string_decoder-0.10.31.tgz',
435 silly install resolved     _from: 'string_decoder@>=0.10.0 <0.11.0' },
435 silly install resolved   { name: 'inherits',
435 silly install resolved     description: 'Browser-friendly inheritance fully compatible with standard node.js inherits()',
435 silly install resolved     version: '2.0.1',
435 silly install resolved     keywords:
435 silly install resolved      [ 'inheritance',
435 silly install resolved        'class',
435 silly install resolved        'klass',
435 silly install resolved        'oop',
435 silly install resolved        'object-oriented',
435 silly install resolved        'inherits',
435 silly install resolved        'browser',
435 silly install resolved        'browserify' ],
435 silly install resolved     main: './inherits.js',
435 silly install resolved     browser: './inherits_browser.js',
435 silly install resolved     repository: { type: 'git', url: 'git://github.com/isaacs/inherits' },
435 silly install resolved     license: 'ISC',
435 silly install resolved     scripts: { test: 'node test' },
435 silly install resolved     readme: 'Browser-friendly inheritance fully compatible with standard node.js\n[inherits](http://nodejs.org/api/util.html#util_util_inherits_constructor_superconstructor).\n\nThis package exports standard `inherits` from node.js `util` module in\nnode environment, but also provides alternative browser-friendly\nimplementation through [browser\nfield](https://gist.github.com/shtylman/4339901). Alternative\nimplementation is a literal copy of standard one located in standalone\nmodule to avoid requiring of `util`. It also has a shim for old\nbrowsers with no `Object.create` support.\n\nWhile keeping you sure you are using standard `inherits`\nimplementation in node.js environment, it allows bundlers such as\n[browserify](https://github.com/substack/node-browserify) to not\ninclude full `util` package to your client code if all you need is\njust `inherits` function. It worth, because browser shim for `util`\npackage is large and `inherits` is often the single function you need\nfrom it.\n\nIt\'s recommended to use this package instead of\n`require(\'util\').inherits` for any code that has chances to be used\nnot only in node.js but in browser too.\n\n## usage\n\n```js\nvar inherits = require(\'inherits\');\n// then use exactly as the standard one\n```\n\n## note on version ~1.0\n\nVersion ~1.0 had completely different motivation and is not compatible\nneither with 2.0 nor with standard node.js `inherits`.\n\nIf you are using version ~1.0 and planning to switch to ~2.0, be\ncareful:\n\n* new version uses `super_` instead of `super` for referencing\n  superclass\n* new version overwrites current prototype while old one preserves any\n  existing fields on it\n',
435 silly install resolved     readmeFilename: 'README.md',
435 silly install resolved     bugs: { url: 'https://github.com/isaacs/inherits/issues' },
435 silly install resolved     homepage: 'https://github.com/isaacs/inherits',
435 silly install resolved     _id: 'inherits@2.0.1',
435 silly install resolved     _shasum: 'b17d08d326b4423e568eff719f91b0b1cbdf69f1',
435 silly install resolved     _resolved: 'https://registry.npmjs.org/inherits/-/inherits-2.0.1.tgz',
435 silly install resolved     _from: 'inherits@>=2.0.1 <2.1.0' } ]
436 info install isarray@0.0.1 into /Users/khoa_phan/csgo/node_modules/pg-native/node_modules/readable-stream
437 info install core-util-is@1.0.1 into /Users/khoa_phan/csgo/node_modules/pg-native/node_modules/readable-stream
438 info install string_decoder@0.10.31 into /Users/khoa_phan/csgo/node_modules/pg-native/node_modules/readable-stream
439 info install inherits@2.0.1 into /Users/khoa_phan/csgo/node_modules/pg-native/node_modules/readable-stream
440 info installOne isarray@0.0.1
441 verbose installOne of isarray to /Users/khoa_phan/csgo/node_modules/pg-native/node_modules/readable-stream not in flight; installing
442 info installOne core-util-is@1.0.1
443 verbose installOne of core-util-is to /Users/khoa_phan/csgo/node_modules/pg-native/node_modules/readable-stream not in flight; installing
444 info installOne string_decoder@0.10.31
445 verbose installOne of string_decoder to /Users/khoa_phan/csgo/node_modules/pg-native/node_modules/readable-stream not in flight; installing
446 info installOne inherits@2.0.1
447 verbose installOne of inherits to /Users/khoa_phan/csgo/node_modules/pg-native/node_modules/readable-stream not in flight; installing
448 verbose lock using /Users/khoa_phan/.npm/_locks/isarray-381583df74744196.lock for /Users/khoa_phan/csgo/node_modules/pg-native/node_modules/readable-stream/node_modules/isarray
449 silly install write writing isarray 0.0.1 to /Users/khoa_phan/csgo/node_modules/pg-native/node_modules/readable-stream/node_modules/isarray
450 silly cache addNamed cb isarray@0.0.1
451 verbose unbuild node_modules/pg-native/node_modules/readable-stream/node_modules/isarray
452 verbose lock using /Users/khoa_phan/.npm/_locks/string-decoder-8ee30242b36edca1.lock for /Users/khoa_phan/csgo/node_modules/pg-native/node_modules/readable-stream/node_modules/string_decoder
453 verbose lock using /Users/khoa_phan/.npm/_locks/core-util-is-1c39cf6fb9a5730f.lock for /Users/khoa_phan/csgo/node_modules/pg-native/node_modules/readable-stream/node_modules/core-util-is
454 verbose lock using /Users/khoa_phan/.npm/_locks/inherits-02752cc27933605f.lock for /Users/khoa_phan/csgo/node_modules/pg-native/node_modules/readable-stream/node_modules/inherits
455 silly install write writing string_decoder 0.10.31 to /Users/khoa_phan/csgo/node_modules/pg-native/node_modules/readable-stream/node_modules/string_decoder
456 silly cache addNamed cb string_decoder@0.10.31
457 verbose unbuild node_modules/pg-native/node_modules/readable-stream/node_modules/string_decoder
458 silly install write writing core-util-is 1.0.1 to /Users/khoa_phan/csgo/node_modules/pg-native/node_modules/readable-stream/node_modules/core-util-is
459 silly cache addNamed cb core-util-is@1.0.1
460 verbose unbuild node_modules/pg-native/node_modules/readable-stream/node_modules/core-util-is
461 silly install write writing inherits 2.0.1 to /Users/khoa_phan/csgo/node_modules/pg-native/node_modules/readable-stream/node_modules/inherits
462 silly cache addNamed cb inherits@2.0.1
463 verbose unbuild node_modules/pg-native/node_modules/readable-stream/node_modules/inherits
464 silly gentlyRm /Users/khoa_phan/csgo/node_modules/pg-native/node_modules/readable-stream/node_modules/isarray is being purged from base /Users/khoa_phan/csgo
465 verbose gentlyRm don't care about contents; nuking /Users/khoa_phan/csgo/node_modules/pg-native/node_modules/readable-stream/node_modules/isarray
466 verbose tar unpack /Users/khoa_phan/.npm/isarray/0.0.1/package.tgz
467 verbose tar unpacking to /Users/khoa_phan/csgo/node_modules/pg-native/node_modules/readable-stream/node_modules/isarray
468 silly gentlyRm /Users/khoa_phan/csgo/node_modules/pg-native/node_modules/readable-stream/node_modules/isarray is being purged
469 verbose gentlyRm don't care about contents; nuking /Users/khoa_phan/csgo/node_modules/pg-native/node_modules/readable-stream/node_modules/isarray
470 silly gentlyRm /Users/khoa_phan/csgo/node_modules/pg-native/node_modules/readable-stream/node_modules/string_decoder is being purged from base /Users/khoa_phan/csgo
471 verbose gentlyRm don't care about contents; nuking /Users/khoa_phan/csgo/node_modules/pg-native/node_modules/readable-stream/node_modules/string_decoder
472 silly gentlyRm /Users/khoa_phan/csgo/node_modules/pg-native/node_modules/readable-stream/node_modules/core-util-is is being purged from base /Users/khoa_phan/csgo
473 verbose gentlyRm don't care about contents; nuking /Users/khoa_phan/csgo/node_modules/pg-native/node_modules/readable-stream/node_modules/core-util-is
474 silly gentlyRm /Users/khoa_phan/csgo/node_modules/pg-native/node_modules/readable-stream/node_modules/inherits is being purged from base /Users/khoa_phan/csgo
475 verbose gentlyRm don't care about contents; nuking /Users/khoa_phan/csgo/node_modules/pg-native/node_modules/readable-stream/node_modules/inherits
476 silly gunzTarPerm modes [ '755', '644' ]
477 verbose tar unpack /Users/khoa_phan/.npm/string_decoder/0.10.31/package.tgz
478 verbose tar unpacking to /Users/khoa_phan/csgo/node_modules/pg-native/node_modules/readable-stream/node_modules/string_decoder
479 silly gentlyRm /Users/khoa_phan/csgo/node_modules/pg-native/node_modules/readable-stream/node_modules/string_decoder is being purged
480 verbose gentlyRm don't care about contents; nuking /Users/khoa_phan/csgo/node_modules/pg-native/node_modules/readable-stream/node_modules/string_decoder
481 verbose tar unpack /Users/khoa_phan/.npm/core-util-is/1.0.1/package.tgz
482 verbose tar unpacking to /Users/khoa_phan/csgo/node_modules/pg-native/node_modules/readable-stream/node_modules/core-util-is
483 silly gentlyRm /Users/khoa_phan/csgo/node_modules/pg-native/node_modules/readable-stream/node_modules/core-util-is is being purged
484 verbose gentlyRm don't care about contents; nuking /Users/khoa_phan/csgo/node_modules/pg-native/node_modules/readable-stream/node_modules/core-util-is
485 verbose tar unpack /Users/khoa_phan/.npm/inherits/2.0.1/package.tgz
486 verbose tar unpacking to /Users/khoa_phan/csgo/node_modules/pg-native/node_modules/readable-stream/node_modules/inherits
487 silly gentlyRm /Users/khoa_phan/csgo/node_modules/pg-native/node_modules/readable-stream/node_modules/inherits is being purged
488 verbose gentlyRm don't care about contents; nuking /Users/khoa_phan/csgo/node_modules/pg-native/node_modules/readable-stream/node_modules/inherits
489 silly gunzTarPerm modes [ '755', '644' ]
490 silly gunzTarPerm modes [ '755', '644' ]
491 silly gunzTarPerm modes [ '755', '644' ]
492 silly gunzTarPerm extractEntry package.json
493 silly gunzTarPerm extractEntry package.json
494 silly gunzTarPerm modified mode [ 'package.json', 436, 420 ]
495 silly gunzTarPerm extractEntry package.json
496 silly gunzTarPerm extractEntry package.json
497 silly gunzTarPerm extractEntry README.md
498 silly gunzTarPerm extractEntry index.js
499 silly gunzTarPerm extractEntry .npmignore
500 silly gunzTarPerm modified mode [ '.npmignore', 436, 420 ]
501 silly gunzTarPerm extractEntry README.md
502 silly gunzTarPerm modified mode [ 'README.md', 436, 420 ]
503 silly gunzTarPerm extractEntry README.md
504 silly gunzTarPerm extractEntry LICENSE
505 silly gunzTarPerm extractEntry README.md
506 silly gunzTarPerm extractEntry util.js
507 silly gunzTarPerm extractEntry build/build.js
508 silly gunzTarPerm extractEntry component.json
509 silly gunzTarPerm extractEntry inherits.js
510 silly gunzTarPerm extractEntry inherits_browser.js
511 silly gunzTarPerm extractEntry LICENSE
512 silly gunzTarPerm modified mode [ 'LICENSE', 436, 420 ]
513 silly gunzTarPerm extractEntry index.js
514 silly gunzTarPerm modified mode [ 'index.js', 436, 420 ]
515 silly gunzTarPerm extractEntry float.patch
516 silly gunzTarPerm extractEntry lib/util.js
517 http 304 https://registry.npmjs.org/nan
518 silly get cb [ 304,
518 silly get   { date: 'Thu, 01 Oct 2015 19:29:07 GMT',
518 silly get     via: '1.1 varnish',
518 silly get     'cache-control': 'max-age=60',
518 silly get     etag: '"1L4RU1AM541YSVP1YQFXG1Y1J"',
518 silly get     age: '41',
518 silly get     connection: 'keep-alive',
518 silly get     'x-served-by': 'cache-lax1428-LAX',
518 silly get     'x-cache': 'HIT',
518 silly get     'x-cache-hits': '3',
518 silly get     'x-timer': 'S1443727747.513678,VS0,VE0',
518 silly get     vary: 'Accept' } ]
519 verbose etag https://registry.npmjs.org/nan from cache
520 verbose get saving nan to /Users/khoa_phan/.npm/registry.npmjs.org/nan/.cache.json
521 http 304 https://registry.npmjs.org/bindings
522 silly get cb [ 304,
522 silly get   { date: 'Thu, 01 Oct 2015 19:29:07 GMT',
522 silly get     via: '1.1 varnish',
522 silly get     'cache-control': 'max-age=60',
522 silly get     etag: '"547Q3C60W4DUGPOZ65YOO6930"',
522 silly get     age: '12',
522 silly get     connection: 'keep-alive',
522 silly get     'x-served-by': 'cache-lax1430-LAX',
522 silly get     'x-cache': 'HIT',
522 silly get     'x-cache-hits': '2',
522 silly get     'x-timer': 'S1443727747.518146,VS0,VE0',
522 silly get     vary: 'Accept' } ]
523 verbose etag https://registry.npmjs.org/bindings from cache
524 verbose get saving bindings to /Users/khoa_phan/.npm/registry.npmjs.org/bindings/.cache.json
525 silly addNameRange number 2 { name: 'nan', range: '>=2.0.4 <3.0.0', hasData: true }
526 silly addNameRange versions [ 'nan',
526 silly addNameRange   [ '0.3.0-wip',
526 silly addNameRange     '0.3.0-wip2',
526 silly addNameRange     '0.3.0',
526 silly addNameRange     '0.3.1',
526 silly addNameRange     '0.3.2',
526 silly addNameRange     '0.4.0',
526 silly addNameRange     '0.4.1',
526 silly addNameRange     '0.4.2',
526 silly addNameRange     '0.4.3',
526 silly addNameRange     '0.4.4',
526 silly addNameRange     '0.5.0',
526 silly addNameRange     '0.5.1',
526 silly addNameRange     '0.5.2',
526 silly addNameRange     '0.6.0',
526 silly addNameRange     '0.7.0',
526 silly addNameRange     '0.7.1',
526 silly addNameRange     '0.8.0',
526 silly addNameRange     '1.0.0',
526 silly addNameRange     '1.1.0',
526 silly addNameRange     '1.1.1',
526 silly addNameRange     '1.1.2',
526 silly addNameRange     '1.2.0',
526 silly addNameRange     '1.3.0',
526 silly addNameRange     '1.4.0',
526 silly addNameRange     '1.4.1',
526 silly addNameRange     '1.5.0',
526 silly addNameRange     '1.4.2',
526 silly addNameRange     '1.4.3',
526 silly addNameRange     '1.5.1',
526 silly addNameRange     '1.5.2',
526 silly addNameRange     '1.6.0',
526 silly addNameRange     '1.5.3',
526 silly addNameRange     '1.6.1',
526 silly addNameRange     '1.6.2',
526 silly addNameRange     '1.7.0',
526 silly addNameRange     '1.8.0',
526 silly addNameRange     '1.8.1',
526 silly addNameRange     '1.8.2',
526 silly addNameRange     '1.8.3',
526 silly addNameRange     '1.8.4',
526 silly addNameRange     '1.9.0',
526 silly addNameRange     '2.0.0',
526 silly addNameRange     '2.0.1',
526 silly addNameRange     '2.0.2',
526 silly addNameRange     '2.0.3',
526 silly addNameRange     '2.0.4',
526 silly addNameRange     '2.0.5',
526 silly addNameRange     '2.0.6',
526 silly addNameRange     '2.0.7',
526 silly addNameRange     '2.0.8',
526 silly addNameRange     '2.0.9' ] ]
527 verbose addNamed nan@2.0.9
528 silly addNamed semver.valid 2.0.9
529 silly addNamed semver.validRange 2.0.9
530 silly gunzTarPerm extractEntry test.js
531 silly cache afterAdd nan@2.0.9
532 verbose afterAdd /Users/khoa_phan/.npm/nan/2.0.9/package/package.json not in flight; writing
533 verbose afterAdd /Users/khoa_phan/.npm/nan/2.0.9/package/package.json written
534 silly cache afterAdd bindings@1.2.1
535 verbose afterAdd /Users/khoa_phan/.npm/bindings/1.2.1/package/package.json not in flight; writing
536 verbose afterAdd /Users/khoa_phan/.npm/bindings/1.2.1/package/package.json written
537 silly install resolved [ { name: 'nan',
537 silly install resolved     version: '2.0.9',
537 silly install resolved     description: 'Native Abstractions for Node.js: C++ header for Node 0.8 -> 4 compatibility',
537 silly install resolved     main: 'include_dirs.js',
537 silly install resolved     repository: { type: 'git', url: 'git://github.com/nodejs/nan.git' },
537 silly install resolved     scripts:
537 silly install resolved      { test: 'tap --gc test/js/*-test.js',
537 silly install resolved        'rebuild-tests': 'pangyp rebuild --msvs_version=2013 --directory test',
537 silly install resolved        docs: 'doc/.build.sh' },
537 silly install resolved     contributors:
537 silly install resolved      [ [Object],
537 silly install resolved        [Object],
537 silly install resolved        [Object],
537 silly install resolved        [Object],
537 silly install resolved        [Object],
537 silly install resolved        [Object],
537 silly install resolved        [Object] ],
537 silly install resolved     devDependencies:
537 silly install resolved      { bindings: '~1.2.1',
537 silly install resolved        commander: '^2.8.1',
537 silly install resolved        glob: '^5.0.14',
537 silly install resolved        'node-gyp': '~2.0.2',
537 silly install resolved        pangyp: '~2.2.0',
537 silly install resolved        tap: '~0.7.1',
537 silly install resolved        xtend: '~4.0.0' },
537 silly install resolved     license: 'MIT',
537 silly install resolved     bugs: { url: 'https://github.com/nodejs/nan/issues' },
537 silly install resolved     homepage: 'https://github.com/nodejs/nan#readme',
537 silly install resolved     _id: 'nan@2.0.9',
537 silly install resolved     _shasum: 'd02a770f46778842cceb94e17cab31ffc7234a05',
537 silly install resolved     _resolved: 'https://registry.npmjs.org/nan/-/nan-2.0.9.tgz',
537 silly install resolved     _from: 'nan@>=2.0.4 <3.0.0',
537 silly install resolved     _npmVersion: '2.14.2',
537 silly install resolved     _nodeVersion: '4.0.0',
537 silly install resolved     _npmUser: { name: 'kkoopa', email: 'bbyholm@abo.fi' },
537 silly install resolved     maintainers: [ [Object], [Object] ],
537 silly install resolved     dist:
537 silly install resolved      { shasum: 'd02a770f46778842cceb94e17cab31ffc7234a05',
537 silly install resolved        tarball: 'http://registry.npmjs.org/nan/-/nan-2.0.9.tgz' },
537 silly install resolved     directories: {},
537 silly install resolved     readme: 'ERROR: No README data found!' },
537 silly install resolved   { name: 'bindings',
537 silly install resolved     description: 'Helper module for loading your native module\'s .node file',
537 silly install resolved     keywords: [ 'native', 'addon', 'bindings', 'gyp', 'waf', 'c', 'c++' ],
537 silly install resolved     version: '1.2.1',
537 silly install resolved     author:
537 silly install resolved      { name: 'Nathan Rajlich',
537 silly install resolved        email: 'nathan@tootallnate.net',
537 silly install resolved        url: 'http://tootallnate.net' },
537 silly install resolved     repository:
537 silly install resolved      { type: 'git',
537 silly install resolved        url: 'git://github.com/TooTallNate/node-bindings.git' },
537 silly install resolved     main: './bindings.js',
537 silly install resolved     bugs: { url: 'https://github.com/TooTallNate/node-bindings/issues' },
537 silly install resolved     homepage: 'https://github.com/TooTallNate/node-bindings',
537 silly install resolved     license: 'MIT',
537 silly install resolved     gitHead: 'e404152ee27f8478ccbc7122ee051246e8e5ec02',
537 silly install resolved     _id: 'bindings@1.2.1',
537 silly install resolved     scripts: {},
537 silly install resolved     _shasum: '14ad6113812d2d37d72e67b4cacb4bb726505f11',
537 silly install resolved     _from: 'bindings@1.2.1',
537 silly install resolved     _npmVersion: '1.4.14',
537 silly install resolved     _npmUser: { name: 'tootallnate', email: 'nathan@tootallnate.net' },
537 silly install resolved     maintainers: [ [Object], [Object] ],
537 silly install resolved     dist:
537 silly install resolved      { shasum: '14ad6113812d2d37d72e67b4cacb4bb726505f11',
537 silly install resolved        tarball: 'http://registry.npmjs.org/bindings/-/bindings-1.2.1.tgz' },
537 silly install resolved     directories: {},
537 silly install resolved     _resolved: 'https://registry.npmjs.org/bindings/-/bindings-1.2.1.tgz',
537 silly install resolved     readme: 'ERROR: No README data found!' } ]
538 info install nan@2.0.9 into /Users/khoa_phan/csgo/node_modules/pg-native/node_modules/libpq
539 info install bindings@1.2.1 into /Users/khoa_phan/csgo/node_modules/pg-native/node_modules/libpq
540 info installOne nan@2.0.9
541 verbose installOne of nan to /Users/khoa_phan/csgo/node_modules/pg-native/node_modules/libpq not in flight; installing
542 info installOne bindings@1.2.1
543 verbose installOne of bindings to /Users/khoa_phan/csgo/node_modules/pg-native/node_modules/libpq not in flight; installing
544 verbose lock using /Users/khoa_phan/.npm/_locks/nan-c49981af57717d4b.lock for /Users/khoa_phan/csgo/node_modules/pg-native/node_modules/libpq/node_modules/nan
545 verbose lock using /Users/khoa_phan/.npm/_locks/bindings-1df62952626bc534.lock for /Users/khoa_phan/csgo/node_modules/pg-native/node_modules/libpq/node_modules/bindings
546 silly install write writing nan 2.0.9 to /Users/khoa_phan/csgo/node_modules/pg-native/node_modules/libpq/node_modules/nan
547 silly cache addNamed cb nan@2.0.9
548 verbose unbuild node_modules/pg-native/node_modules/libpq/node_modules/nan
549 silly install write writing bindings 1.2.1 to /Users/khoa_phan/csgo/node_modules/pg-native/node_modules/libpq/node_modules/bindings
550 silly cache addNamed cb bindings@1.2.1
551 verbose unbuild node_modules/pg-native/node_modules/libpq/node_modules/bindings
552 silly gentlyRm /Users/khoa_phan/csgo/node_modules/pg-native/node_modules/libpq/node_modules/nan is being purged from base /Users/khoa_phan/csgo
553 verbose gentlyRm don't care about contents; nuking /Users/khoa_phan/csgo/node_modules/pg-native/node_modules/libpq/node_modules/nan
554 silly gentlyRm /Users/khoa_phan/csgo/node_modules/pg-native/node_modules/libpq/node_modules/bindings is being purged from base /Users/khoa_phan/csgo
555 verbose gentlyRm don't care about contents; nuking /Users/khoa_phan/csgo/node_modules/pg-native/node_modules/libpq/node_modules/bindings
556 verbose tar unpack /Users/khoa_phan/.npm/nan/2.0.9/package.tgz
557 verbose tar unpacking to /Users/khoa_phan/csgo/node_modules/pg-native/node_modules/libpq/node_modules/nan
558 silly gentlyRm /Users/khoa_phan/csgo/node_modules/pg-native/node_modules/libpq/node_modules/nan is being purged
559 verbose gentlyRm don't care about contents; nuking /Users/khoa_phan/csgo/node_modules/pg-native/node_modules/libpq/node_modules/nan
560 verbose tar unpack /Users/khoa_phan/.npm/bindings/1.2.1/package.tgz
561 verbose tar unpacking to /Users/khoa_phan/csgo/node_modules/pg-native/node_modules/libpq/node_modules/bindings
562 silly gentlyRm /Users/khoa_phan/csgo/node_modules/pg-native/node_modules/libpq/node_modules/bindings is being purged
563 verbose gentlyRm don't care about contents; nuking /Users/khoa_phan/csgo/node_modules/pg-native/node_modules/libpq/node_modules/bindings
564 silly gunzTarPerm modes [ '755', '644' ]
565 silly gunzTarPerm modes [ '755', '644' ]
566 silly gunzTarPerm extractEntry package.json
567 silly gunzTarPerm modified mode [ 'package.json', 436, 420 ]
568 silly gunzTarPerm extractEntry package.json
569 silly gunzTarPerm extractEntry README.md
570 silly gunzTarPerm modified mode [ 'README.md', 436, 420 ]
571 silly gunzTarPerm extractEntry include_dirs.js
572 silly gunzTarPerm modified mode [ 'include_dirs.js', 436, 420 ]
573 silly gunzTarPerm extractEntry README.md
574 silly gunzTarPerm extractEntry bindings.js
575 info preinstall isarray@0.0.1
576 silly install resolved []
577 verbose about to build /Users/khoa_phan/csgo/node_modules/pg-native/node_modules/readable-stream/node_modules/isarray
578 info build /Users/khoa_phan/csgo/node_modules/pg-native/node_modules/readable-stream/node_modules/isarray
579 verbose linkStuff [ false,
579 verbose linkStuff   false,
579 verbose linkStuff   false,
579 verbose linkStuff   '/Users/khoa_phan/csgo/node_modules/pg-native/node_modules/readable-stream/node_modules' ]
580 info linkStuff isarray@0.0.1
581 verbose linkBins isarray@0.0.1
582 verbose linkMans isarray@0.0.1
583 verbose rebuildBundles isarray@0.0.1
584 info install isarray@0.0.1
585 info preinstall inherits@2.0.1
586 info postinstall isarray@0.0.1
587 info preinstall string_decoder@0.10.31
588 silly gunzTarPerm extractEntry nan_converters.h
589 silly gunzTarPerm modified mode [ 'nan_converters.h', 436, 420 ]
590 silly gunzTarPerm extractEntry LICENSE.md
591 silly gunzTarPerm modified mode [ 'LICENSE.md', 436, 420 ]
592 silly gunzTarPerm extractEntry .dntrc
593 silly gunzTarPerm modified mode [ '.dntrc', 436, 420 ]
594 silly install resolved []
595 verbose about to build /Users/khoa_phan/csgo/node_modules/pg-native/node_modules/readable-stream/node_modules/inherits
596 info build /Users/khoa_phan/csgo/node_modules/pg-native/node_modules/readable-stream/node_modules/inherits
597 verbose linkStuff [ false,
597 verbose linkStuff   false,
597 verbose linkStuff   false,
597 verbose linkStuff   '/Users/khoa_phan/csgo/node_modules/pg-native/node_modules/readable-stream/node_modules' ]
598 info linkStuff inherits@2.0.1
599 verbose linkBins inherits@2.0.1
600 verbose linkMans inherits@2.0.1
601 verbose rebuildBundles inherits@2.0.1
602 verbose unlock done using /Users/khoa_phan/.npm/_locks/isarray-381583df74744196.lock for /Users/khoa_phan/csgo/node_modules/pg-native/node_modules/readable-stream/node_modules/isarray
603 info install inherits@2.0.1
604 silly install resolved []
605 verbose about to build /Users/khoa_phan/csgo/node_modules/pg-native/node_modules/readable-stream/node_modules/string_decoder
606 info build /Users/khoa_phan/csgo/node_modules/pg-native/node_modules/readable-stream/node_modules/string_decoder
607 verbose linkStuff [ false,
607 verbose linkStuff   false,
607 verbose linkStuff   false,
607 verbose linkStuff   '/Users/khoa_phan/csgo/node_modules/pg-native/node_modules/readable-stream/node_modules' ]
608 info linkStuff string_decoder@0.10.31
609 verbose linkBins string_decoder@0.10.31
610 verbose linkMans string_decoder@0.10.31
611 verbose rebuildBundles string_decoder@0.10.31
612 info install string_decoder@0.10.31
613 info postinstall inherits@2.0.1
614 info postinstall string_decoder@0.10.31
615 verbose unlock done using /Users/khoa_phan/.npm/_locks/inherits-02752cc27933605f.lock for /Users/khoa_phan/csgo/node_modules/pg-native/node_modules/readable-stream/node_modules/inherits
616 verbose unlock done using /Users/khoa_phan/.npm/_locks/string-decoder-8ee30242b36edca1.lock for /Users/khoa_phan/csgo/node_modules/pg-native/node_modules/readable-stream/node_modules/string_decoder
617 info preinstall core-util-is@1.0.1
618 silly install resolved []
619 verbose about to build /Users/khoa_phan/csgo/node_modules/pg-native/node_modules/readable-stream/node_modules/core-util-is
620 info build /Users/khoa_phan/csgo/node_modules/pg-native/node_modules/readable-stream/node_modules/core-util-is
621 verbose linkStuff [ false,
621 verbose linkStuff   false,
621 verbose linkStuff   false,
621 verbose linkStuff   '/Users/khoa_phan/csgo/node_modules/pg-native/node_modules/readable-stream/node_modules' ]
622 info linkStuff core-util-is@1.0.1
623 verbose linkBins core-util-is@1.0.1
624 verbose linkMans core-util-is@1.0.1
625 verbose rebuildBundles core-util-is@1.0.1
626 info install core-util-is@1.0.1
627 info postinstall core-util-is@1.0.1
628 silly gunzTarPerm extractEntry appveyor.yml
629 silly gunzTarPerm modified mode [ 'appveyor.yml', 436, 420 ]
630 verbose unlock done using /Users/khoa_phan/.npm/_locks/core-util-is-1c39cf6fb9a5730f.lock for /Users/khoa_phan/csgo/node_modules/pg-native/node_modules/readable-stream/node_modules/core-util-is
631 verbose about to build /Users/khoa_phan/csgo/node_modules/pg-native/node_modules/readable-stream
632 info build /Users/khoa_phan/csgo/node_modules/pg-native/node_modules/readable-stream
633 verbose linkStuff [ false,
633 verbose linkStuff   false,
633 verbose linkStuff   false,
633 verbose linkStuff   '/Users/khoa_phan/csgo/node_modules/pg-native/node_modules' ]
634 info linkStuff readable-stream@1.0.31
635 verbose linkBins readable-stream@1.0.31
636 verbose linkMans readable-stream@1.0.31
637 verbose rebuildBundles readable-stream@1.0.31
638 verbose rebuildBundles [ 'core-util-is', 'inherits', 'isarray', 'string_decoder' ]
639 info install readable-stream@1.0.31
640 info postinstall readable-stream@1.0.31
641 verbose unlock done using /Users/khoa_phan/.npm/_locks/readable-stream-606f84ab7897ceea.lock for /Users/khoa_phan/csgo/node_modules/pg-native/node_modules/readable-stream
642 info preinstall bindings@1.2.1
643 silly install resolved []
644 verbose about to build /Users/khoa_phan/csgo/node_modules/pg-native/node_modules/libpq/node_modules/bindings
645 info build /Users/khoa_phan/csgo/node_modules/pg-native/node_modules/libpq/node_modules/bindings
646 verbose linkStuff [ false,
646 verbose linkStuff   false,
646 verbose linkStuff   false,
646 verbose linkStuff   '/Users/khoa_phan/csgo/node_modules/pg-native/node_modules/libpq/node_modules' ]
647 info linkStuff bindings@1.2.1
648 verbose linkBins bindings@1.2.1
649 verbose linkMans bindings@1.2.1
650 verbose rebuildBundles bindings@1.2.1
651 info install bindings@1.2.1
652 info postinstall bindings@1.2.1
653 silly gunzTarPerm extractEntry doc/new.md
654 silly gunzTarPerm modified mode [ 'doc/new.md', 436, 420 ]
655 silly gunzTarPerm extractEntry doc/.build.sh
656 silly gunzTarPerm modified mode [ 'doc/.build.sh', 509, 493 ]
657 verbose unlock done using /Users/khoa_phan/.npm/_locks/bindings-1df62952626bc534.lock for /Users/khoa_phan/csgo/node_modules/pg-native/node_modules/libpq/node_modules/bindings
658 silly gunzTarPerm extractEntry doc/buffers.md
659 silly gunzTarPerm modified mode [ 'doc/buffers.md', 436, 420 ]
660 silly gunzTarPerm extractEntry doc/callback.md
661 silly gunzTarPerm modified mode [ 'doc/callback.md', 436, 420 ]
662 silly gunzTarPerm extractEntry doc/converters.md
663 silly gunzTarPerm modified mode [ 'doc/converters.md', 436, 420 ]
664 silly gunzTarPerm extractEntry doc/errors.md
665 silly gunzTarPerm modified mode [ 'doc/errors.md', 436, 420 ]
666 silly gunzTarPerm extractEntry doc/maybe_types.md
667 silly gunzTarPerm modified mode [ 'doc/maybe_types.md', 436, 420 ]
668 silly gunzTarPerm extractEntry doc/methods.md
669 silly gunzTarPerm modified mode [ 'doc/methods.md', 436, 420 ]
670 silly gunzTarPerm extractEntry doc/asyncworker.md
671 silly gunzTarPerm modified mode [ 'doc/asyncworker.md', 436, 420 ]
672 silly gunzTarPerm extractEntry doc/node_misc.md
673 silly gunzTarPerm modified mode [ 'doc/node_misc.md', 436, 420 ]
674 silly gunzTarPerm extractEntry doc/persistent.md
675 silly gunzTarPerm modified mode [ 'doc/persistent.md', 436, 420 ]
676 silly gunzTarPerm extractEntry doc/scopes.md
677 silly gunzTarPerm modified mode [ 'doc/scopes.md', 436, 420 ]
678 silly gunzTarPerm extractEntry doc/script.md
679 silly gunzTarPerm modified mode [ 'doc/script.md', 436, 420 ]
680 silly gunzTarPerm extractEntry doc/string_bytes.md
681 silly gunzTarPerm modified mode [ 'doc/string_bytes.md', 436, 420 ]
682 silly gunzTarPerm extractEntry doc/v8_internals.md
683 silly gunzTarPerm modified mode [ 'doc/v8_internals.md', 436, 420 ]
684 silly gunzTarPerm extractEntry doc/v8_misc.md
685 silly gunzTarPerm modified mode [ 'doc/v8_misc.md', 436, 420 ]
686 silly gunzTarPerm extractEntry nan.h
687 silly gunzTarPerm modified mode [ 'nan.h', 436, 420 ]
688 silly gunzTarPerm extractEntry nan_callbacks.h
689 silly gunzTarPerm modified mode [ 'nan_callbacks.h', 436, 420 ]
690 silly gunzTarPerm extractEntry nan_callbacks_12_inl.h
691 silly gunzTarPerm modified mode [ 'nan_callbacks_12_inl.h', 436, 420 ]
692 silly gunzTarPerm extractEntry nan_callbacks_pre_12_inl.h
693 silly gunzTarPerm modified mode [ 'nan_callbacks_pre_12_inl.h', 436, 420 ]
694 silly gunzTarPerm extractEntry nan_converters_43_inl.h
695 silly gunzTarPerm modified mode [ 'nan_converters_43_inl.h', 436, 420 ]
696 silly gunzTarPerm extractEntry nan_converters_pre_43_inl.h
697 silly gunzTarPerm modified mode [ 'nan_converters_pre_43_inl.h', 436, 420 ]
698 silly gunzTarPerm extractEntry nan_implementation_12_inl.h
699 silly gunzTarPerm modified mode [ 'nan_implementation_12_inl.h', 436, 420 ]
700 silly gunzTarPerm extractEntry nan_implementation_pre_12_inl.h
701 silly gunzTarPerm modified mode [ 'nan_implementation_pre_12_inl.h', 436, 420 ]
702 silly gunzTarPerm extractEntry nan_maybe_43_inl.h
703 silly gunzTarPerm modified mode [ 'nan_maybe_43_inl.h', 436, 420 ]
704 silly gunzTarPerm extractEntry nan_maybe_pre_43_inl.h
705 silly gunzTarPerm modified mode [ 'nan_maybe_pre_43_inl.h', 436, 420 ]
706 silly gunzTarPerm extractEntry nan_new.h
707 silly gunzTarPerm modified mode [ 'nan_new.h', 436, 420 ]
708 silly gunzTarPerm extractEntry nan_object_wrap.h
709 silly gunzTarPerm modified mode [ 'nan_object_wrap.h', 436, 420 ]
710 silly gunzTarPerm extractEntry nan_persistent_12_inl.h
711 silly gunzTarPerm modified mode [ 'nan_persistent_12_inl.h', 436, 420 ]
712 silly gunzTarPerm extractEntry nan_persistent_pre_12_inl.h
713 silly gunzTarPerm modified mode [ 'nan_persistent_pre_12_inl.h', 436, 420 ]
714 silly gunzTarPerm extractEntry nan_string_bytes.h
715 silly gunzTarPerm modified mode [ 'nan_string_bytes.h', 436, 420 ]
716 silly gunzTarPerm extractEntry nan_weak.h
717 silly gunzTarPerm modified mode [ 'nan_weak.h', 436, 420 ]
718 silly gunzTarPerm extractEntry CHANGELOG.md
719 silly gunzTarPerm modified mode [ 'CHANGELOG.md', 436, 420 ]
720 silly gunzTarPerm extractEntry tools/package.json
721 silly gunzTarPerm modified mode [ 'tools/package.json', 436, 420 ]
722 silly gunzTarPerm extractEntry tools/README.md
723 silly gunzTarPerm modified mode [ 'tools/README.md', 436, 420 ]
724 silly gunzTarPerm extractEntry tools/1to2.js
725 silly gunzTarPerm modified mode [ 'tools/1to2.js', 509, 493 ]
726 info preinstall nan@2.0.9
727 silly install resolved []
728 verbose about to build /Users/khoa_phan/csgo/node_modules/pg-native/node_modules/libpq/node_modules/nan
729 info build /Users/khoa_phan/csgo/node_modules/pg-native/node_modules/libpq/node_modules/nan
730 verbose linkStuff [ false,
730 verbose linkStuff   false,
730 verbose linkStuff   false,
730 verbose linkStuff   '/Users/khoa_phan/csgo/node_modules/pg-native/node_modules/libpq/node_modules' ]
731 info linkStuff nan@2.0.9
732 verbose linkBins nan@2.0.9
733 verbose linkMans nan@2.0.9
734 verbose rebuildBundles nan@2.0.9
735 info install nan@2.0.9
736 info postinstall nan@2.0.9
737 verbose unlock done using /Users/khoa_phan/.npm/_locks/nan-c49981af57717d4b.lock for /Users/khoa_phan/csgo/node_modules/pg-native/node_modules/libpq/node_modules/nan
738 verbose about to build /Users/khoa_phan/csgo/node_modules/pg-native/node_modules/libpq
739 info build /Users/khoa_phan/csgo/node_modules/pg-native/node_modules/libpq
740 verbose linkStuff [ false,
740 verbose linkStuff   false,
740 verbose linkStuff   false,
740 verbose linkStuff   '/Users/khoa_phan/csgo/node_modules/pg-native/node_modules' ]
741 info linkStuff libpq@1.7.0
742 verbose linkBins libpq@1.7.0
743 verbose linkMans libpq@1.7.0
744 verbose rebuildBundles libpq@1.7.0
745 verbose rebuildBundles [ 'bindings', 'nan' ]
746 info install libpq@1.7.0
747 verbose unsafe-perm in lifecycle true
748 info libpq@1.7.0 Failed to exec install script
749 verbose unlock done using /Users/khoa_phan/.npm/_locks/libpq-3e69bf43bbafe92f.lock for /Users/khoa_phan/csgo/node_modules/pg-native/node_modules/libpq
750 verbose about to build /Users/khoa_phan/csgo/node_modules/pg-native
751 verbose unlock done using /Users/khoa_phan/.npm/_locks/pg-native-69780b9a71b4df18.lock for /Users/khoa_phan/csgo/node_modules/pg-native
752 verbose stack Error: libpq@1.7.0 install: `node-gyp rebuild`
752 verbose stack Exit status 1
752 verbose stack     at EventEmitter.<anonymous> (/usr/local/lib/node_modules/npm/lib/utils/lifecycle.js:213:16)
752 verbose stack     at emitTwo (events.js:87:13)
752 verbose stack     at EventEmitter.emit (events.js:172:7)
752 verbose stack     at ChildProcess.<anonymous> (/usr/local/lib/node_modules/npm/lib/utils/spawn.js:14:12)
752 verbose stack     at emitTwo (events.js:87:13)
752 verbose stack     at ChildProcess.emit (events.js:172:7)
752 verbose stack     at maybeClose (internal/child_process.js:764:16)
752 verbose stack     at Process.ChildProcess._handle.onexit (internal/child_process.js:211:5)
753 verbose pkgid libpq@1.7.0
754 verbose cwd /Users/khoa_phan/csgo
755 error Darwin 14.5.0
756 error argv "/usr/local/Cellar/iojs/2.4.0/bin/iojs" "/usr/local/bin/npm" "install" "--save" "pg-native"
757 error node v2.4.0
758 error npm  v2.7.5
759 error code ELIFECYCLE
760 error libpq@1.7.0 install: `node-gyp rebuild`
760 error Exit status 1
761 error Failed at the libpq@1.7.0 install script 'node-gyp rebuild'.
761 error This is most likely a problem with the libpq package,
761 error not with npm itself.
761 error Tell the author that this fails on your system:
761 error     node-gyp rebuild
761 error You can get their info via:
761 error     npm owner ls libpq
761 error There is likely additional logging output above.
762 verbose exit [ 1, true ]
763 verbose unbuild node_modules/pg-native/node_modules/libpq
764 info preuninstall libpq@1.7.0
765 info uninstall libpq@1.7.0
766 verbose unbuild rmStuff libpq@1.7.0 from /Users/khoa_phan/csgo/node_modules
767 verbose unbuild rmStuff in /Users/khoa_phan/csgo/node_modules/pg-native/node_modules
768 info postuninstall libpq@1.7.0
769 silly gentlyRm /Users/khoa_phan/csgo/node_modules/pg-native/node_modules/libpq is being purged from base /Users/khoa_phan/csgo
770 verbose gentlyRm don't care about contents; nuking /Users/khoa_phan/csgo/node_modules/pg-native/node_modules/libpq
771 silly vacuum-fs purging /Users/khoa_phan/csgo/node_modules/pg-native/node_modules/libpq
772 silly vacuum-fs quitting because other entries in /Users/khoa_phan/csgo/node_modules/pg-native/node_modules
773 verbose unbuild node_modules/pg-native
774 info preuninstall pg-native@1.9.0
775 info uninstall pg-native@1.9.0
776 verbose unbuild rmStuff pg-native@1.9.0 from /Users/khoa_phan/csgo/node_modules
777 info postuninstall pg-native@1.9.0
778 silly gentlyRm /Users/khoa_phan/csgo/node_modules/pg-native is being purged from base /Users/khoa_phan/csgo
779 verbose gentlyRm don't care about contents; nuking /Users/khoa_phan/csgo/node_modules/pg-native
780 silly vacuum-fs purging /Users/khoa_phan/csgo/node_modules/pg-native
781 silly vacuum-fs quitting because other entries in /Users/khoa_phan/csgo/node_modules
